<?xml version="1.0" encoding="UTF-8"?>
<coverage generated="1760520564326" clover="3.2.0">
  <project timestamp="1760520564326" name="All files">
    <metrics statements="168" coveredstatements="119" conditionals="115" coveredconditionals="67" methods="16" coveredmethods="12" elements="299" coveredelements="198" complexity="0" loc="168" ncloc="168" packages="1" files="1" classes="1"/>
    <file name="form-broker.js" path="C:\Users\C4\Desktop\trading-forex\js\form-broker.js">
      <metrics statements="168" coveredstatements="119" conditionals="115" coveredconditionals="67" methods="16" coveredmethods="12"/>
      <line num="6" count="8" type="stmt"/>
      <line num="7" count="36" type="stmt"/>
      <line num="9" count="36" type="stmt"/>
      <line num="18" count="65" type="cond" truecount="2" falsecount="0"/>
      <line num="19" count="13" type="stmt"/>
      <line num="20" count="52" type="cond" truecount="2" falsecount="0"/>
      <line num="21" count="12" type="stmt"/>
      <line num="22" count="40" type="cond" truecount="1" falsecount="1"/>
      <line num="23" count="40" type="stmt"/>
      <line num="25" count="0" type="stmt"/>
      <line num="30" count="64" type="stmt"/>
      <line num="81" count="64" type="cond" truecount="1" falsecount="1"/>
      <line num="85" count="36" type="stmt"/>
      <line num="86" count="0" type="stmt"/>
      <line num="87" count="0" type="stmt"/>
      <line num="89" count="0" type="cond" truecount="0" falsecount="2"/>
      <line num="90" count="0" type="cond" truecount="0" falsecount="2"/>
      <line num="91" count="0" type="cond" truecount="0" falsecount="2"/>
      <line num="92" count="0" type="cond" truecount="0" falsecount="2"/>
      <line num="93" count="0" type="cond" truecount="0" falsecount="2"/>
      <line num="96" count="0" type="stmt"/>
      <line num="97" count="0" type="stmt"/>
      <line num="100" count="0" type="cond" truecount="0" falsecount="2"/>
      <line num="101" count="0" type="stmt"/>
      <line num="102" count="0" type="cond" truecount="0" falsecount="2"/>
      <line num="103" count="0" type="stmt"/>
      <line num="105" count="0" type="stmt"/>
      <line num="108" count="0" type="stmt"/>
      <line num="111" count="0" type="stmt"/>
      <line num="112" count="0" type="stmt"/>
      <line num="113" count="0" type="stmt"/>
      <line num="114" count="0" type="stmt"/>
      <line num="115" count="0" type="stmt"/>
      <line num="116" count="0" type="stmt"/>
      <line num="118" count="0" type="cond" truecount="0" falsecount="2"/>
      <line num="119" count="0" type="cond" truecount="0" falsecount="2"/>
      <line num="120" count="0" type="cond" truecount="0" falsecount="2"/>
      <line num="121" count="0" type="cond" truecount="0" falsecount="2"/>
      <line num="122" count="0" type="cond" truecount="0" falsecount="2"/>
      <line num="125" count="0" type="cond" truecount="0" falsecount="2"/>
      <line num="126" count="0" type="cond" truecount="0" falsecount="2"/>
      <line num="133" count="36" type="stmt"/>
      <line num="135" count="36" type="stmt"/>
      <line num="136" count="36" type="stmt"/>
      <line num="137" count="36" type="stmt"/>
      <line num="140" count="36" type="stmt"/>
      <line num="141" count="216" type="cond" truecount="2" falsecount="0"/>
      <line num="142" count="207" type="stmt"/>
      <line num="143" count="207" type="cond" truecount="2" falsecount="0"/>
      <line num="148" count="36" type="stmt"/>
      <line num="149" count="180" type="cond" truecount="2" falsecount="0"/>
      <line num="150" count="171" type="stmt"/>
      <line num="151" count="171" type="cond" truecount="2" falsecount="0"/>
      <line num="154" count="36" type="stmt"/>
      <line num="155" count="36" type="stmt"/>
      <line num="156" count="36" type="cond" truecount="1" falsecount="1"/>
      <line num="159" count="36" type="stmt"/>
      <line num="160" count="36" type="stmt"/>
      <line num="161" count="36" type="stmt"/>
      <line num="162" count="36" type="stmt"/>
      <line num="163" count="36" type="stmt"/>
      <line num="164" count="36" type="stmt"/>
      <line num="167" count="36" type="stmt"/>
      <line num="168" count="34" type="stmt"/>
      <line num="169" count="34" type="cond" truecount="1" falsecount="1"/>
      <line num="170" count="34" type="stmt"/>
      <line num="171" count="34" type="cond" truecount="1" falsecount="1"/>
      <line num="172" count="34" type="stmt"/>
      <line num="173" count="34" type="stmt"/>
      <line num="179" count="36" type="cond" truecount="4" falsecount="0"/>
      <line num="180" count="5" type="stmt"/>
      <line num="183" count="36" type="cond" truecount="4" falsecount="0"/>
      <line num="184" count="5" type="stmt"/>
      <line num="187" count="36" type="cond" truecount="5" falsecount="0"/>
      <line num="188" count="8" type="stmt"/>
      <line num="191" count="36" type="cond" truecount="4" falsecount="0"/>
      <line num="192" count="8" type="stmt"/>
      <line num="196" count="36" type="cond" truecount="3" falsecount="1"/>
      <line num="197" count="0" type="stmt"/>
      <line num="201" count="36" type="cond" truecount="2" falsecount="0"/>
      <line num="202" count="8" type="stmt"/>
      <line num="205" count="36" type="cond" truecount="2" falsecount="0"/>
      <line num="206" count="36" type="stmt"/>
      <line num="211" count="28" type="stmt"/>
      <line num="213" count="28" type="cond" truecount="1" falsecount="1"/>
      <line num="214" count="0" type="stmt"/>
      <line num="215" count="0" type="stmt"/>
      <line num="218" count="28" type="stmt"/>
      <line num="219" count="28" type="stmt"/>
      <line num="221" count="28" type="stmt"/>
      <line num="223" count="28" type="stmt"/>
      <line num="224" count="28" type="stmt"/>
      <line num="226" count="28" type="stmt"/>
      <line num="229" count="28" type="stmt"/>
      <line num="230" count="140" type="cond" truecount="2" falsecount="0"/>
      <line num="231" count="136" type="stmt"/>
      <line num="232" count="136" type="cond" truecount="2" falsecount="0"/>
      <line num="233" count="15" type="stmt"/>
      <line num="234" count="15" type="stmt"/>
      <line num="236" count="121" type="stmt"/>
      <line num="239" count="28" type="stmt"/>
      <line num="240" count="28" type="stmt"/>
      <line num="241" count="28" type="stmt"/>
      <line num="242" count="28" type="stmt"/>
      <line num="243" count="28" type="cond" truecount="2" falsecount="0"/>
      <line num="246" count="28" type="stmt"/>
      <line num="247" count="28" type="cond" truecount="1" falsecount="1"/>
      <line num="250" count="28" type="cond" truecount="3" falsecount="1"/>
      <line num="251" count="0" type="stmt"/>
      <line num="252" count="0" type="stmt"/>
      <line num="253" count="0" type="stmt"/>
      <line num="254" count="0" type="stmt"/>
      <line num="255" count="0" type="stmt"/>
      <line num="259" count="28" type="stmt"/>
      <line num="269" count="28" type="stmt"/>
      <line num="272" count="28" type="stmt"/>
      <line num="273" count="28" type="cond" truecount="1" falsecount="1"/>
      <line num="274" count="28" type="cond" truecount="1" falsecount="1"/>
      <line num="275" count="28" type="cond" truecount="1" falsecount="1"/>
      <line num="276" count="28" type="cond" truecount="1" falsecount="1"/>
      <line num="278" count="28" type="cond" truecount="1" falsecount="1"/>
      <line num="279" count="0" type="stmt"/>
      <line num="280" count="0" type="stmt"/>
      <line num="281" count="0" type="stmt"/>
      <line num="282" count="0" type="stmt"/>
      <line num="283" count="0" type="stmt"/>
      <line num="286" count="28" type="stmt"/>
      <line num="288" count="28" type="stmt"/>
      <line num="290" count="28" type="stmt"/>
      <line num="300" count="27" type="stmt"/>
      <line num="301" count="27" type="stmt"/>
      <line num="303" count="27" type="stmt"/>
      <line num="312" count="1" type="stmt"/>
      <line num="313" count="1" type="stmt"/>
      <line num="320" count="28" type="stmt"/>
      <line num="321" count="28" type="stmt"/>
      <line num="326" count="36" type="stmt"/>
      <line num="328" count="36" type="cond" truecount="1" falsecount="1"/>
      <line num="329" count="36" type="stmt"/>
      <line num="330" count="36" type="stmt"/>
      <line num="331" count="36" type="stmt"/>
      <line num="333" count="36" type="cond" truecount="2" falsecount="0"/>
      <line num="334" count="28" type="stmt"/>
      <line num="335" count="28" type="cond" truecount="1" falsecount="1"/>
      <line num="337" count="28" type="stmt"/>
      <line num="338" count="28" type="stmt"/>
      <line num="341" count="28" type="stmt"/>
      <line num="344" count="28" type="cond" truecount="1" falsecount="1"/>
      <line num="345" count="28" type="stmt"/>
      <line num="346" count="28" type="stmt"/>
      <line num="347" count="28" type="stmt"/>
      <line num="349" count="0" type="stmt"/>
      <line num="354" count="28" type="stmt"/>
      <line num="355" count="28" type="stmt"/>
      <line num="356" count="28" type="stmt"/>
      <line num="357" count="0" type="stmt"/>
      <line num="361" count="8" type="stmt"/>
      <line num="365" count="0" type="stmt"/>
      <line num="369" count="36" type="stmt"/>
      <line num="370" count="36" type="cond" truecount="2" falsecount="0"/>
      <line num="371" count="21" type="stmt"/>
      <line num="372" count="0" type="stmt"/>
      <line num="373" count="0" type="stmt"/>
      <line num="376" count="0" type="cond" truecount="0" falsecount="2"/>
      <line num="377" count="0" type="stmt"/>
      <line num="382" count="36" type="stmt"/>
      <line num="386" count="8" type="cond" truecount="3" falsecount="1"/>
      <line num="387" count="8" type="stmt"/>
    </file>
  </project>
</coverage>
