{"C:\\Users\\C4\\Desktop\\trading-forex\\js\\form-broker.js": {"path":"C:\\Users\\C4\\Desktop\\trading-forex\\js\\form-broker.js","statementMap":{"0":{"start":{"line":6,"column":0},"end":{"line":383,"column":3}},"1":{"start":{"line":7,"column":4},"end":{"line":7,"column":46}},"2":{"start":{"line":9,"column":28},"end":{"line":13,"column":5}},"3":{"start":{"line":18,"column":8},"end":{"line":24,"column":9}},"4":{"start":{"line":19,"column":12},"end":{"line":19,"column":27}},"5":{"start":{"line":20,"column":15},"end":{"line":24,"column":9}},"6":{"start":{"line":21,"column":12},"end":{"line":21,"column":29}},"7":{"start":{"line":22,"column":15},"end":{"line":24,"column":9}},"8":{"start":{"line":23,"column":12},"end":{"line":23,"column":29}},"9":{"start":{"line":25,"column":8},"end":{"line":25,"column":25}},"10":{"start":{"line":30,"column":26},"end":{"line":79,"column":9}},"11":{"start":{"line":81,"column":8},"end":{"line":81,"column":56}},"12":{"start":{"line":85,"column":4},"end":{"line":129,"column":7}},"13":{"start":{"line":86,"column":8},"end":{"line":128,"column":11}},"14":{"start":{"line":87,"column":12},"end":{"line":87,"column":52}},"15":{"start":{"line":89,"column":24},"end":{"line":89,"column":90}},"16":{"start":{"line":90,"column":26},"end":{"line":90,"column":109}},"17":{"start":{"line":91,"column":27},"end":{"line":91,"column":80}},"18":{"start":{"line":92,"column":27},"end":{"line":92,"column":88}},"19":{"start":{"line":93,"column":29},"end":{"line":93,"column":78}},"20":{"start":{"line":96,"column":12},"end":{"line":96,"column":54}},"21":{"start":{"line":97,"column":12},"end":{"line":97,"column":54}},"22":{"start":{"line":100,"column":12},"end":{"line":106,"column":13}},"23":{"start":{"line":101,"column":16},"end":{"line":101,"column":53}},"24":{"start":{"line":102,"column":19},"end":{"line":106,"column":13}},"25":{"start":{"line":103,"column":16},"end":{"line":103,"column":55}},"26":{"start":{"line":105,"column":16},"end":{"line":105,"column":55}},"27":{"start":{"line":108,"column":12},"end":{"line":108,"column":62}},"28":{"start":{"line":111,"column":31},"end":{"line":111,"column":68}},"29":{"start":{"line":112,"column":33},"end":{"line":112,"column":72}},"30":{"start":{"line":113,"column":30},"end":{"line":113,"column":66}},"31":{"start":{"line":114,"column":38},"end":{"line":114,"column":77}},"32":{"start":{"line":115,"column":36},"end":{"line":115,"column":73}},"33":{"start":{"line":116,"column":27},"end":{"line":116,"column":60}},"34":{"start":{"line":118,"column":12},"end":{"line":118,"column":57}},"35":{"start":{"line":118,"column":28},"end":{"line":118,"column":57}},"36":{"start":{"line":119,"column":12},"end":{"line":119,"column":63}},"37":{"start":{"line":119,"column":30},"end":{"line":119,"column":63}},"38":{"start":{"line":120,"column":12},"end":{"line":120,"column":58}},"39":{"start":{"line":120,"column":27},"end":{"line":120,"column":58}},"40":{"start":{"line":121,"column":12},"end":{"line":121,"column":70}},"41":{"start":{"line":121,"column":35},"end":{"line":121,"column":70}},"42":{"start":{"line":122,"column":12},"end":{"line":122,"column":68}},"43":{"start":{"line":122,"column":33},"end":{"line":122,"column":68}},"44":{"start":{"line":125,"column":12},"end":{"line":127,"column":13}},"45":{"start":{"line":126,"column":16},"end":{"line":126,"column":86}},"46":{"start":{"line":133,"column":8},"end":{"line":133,"column":76}},"47":{"start":{"line":135,"column":25},"end":{"line":135,"column":41}},"48":{"start":{"line":136,"column":26},"end":{"line":136,"column":53}},"49":{"start":{"line":137,"column":22},"end":{"line":137,"column":26}},"50":{"start":{"line":140,"column":8},"end":{"line":145,"column":11}},"51":{"start":{"line":141,"column":12},"end":{"line":144,"column":13}},"52":{"start":{"line":142,"column":32},"end":{"line":142,"column":69}},"53":{"start":{"line":143,"column":16},"end":{"line":143,"column":52}},"54":{"start":{"line":143,"column":29},"end":{"line":143,"column":52}},"55":{"start":{"line":148,"column":30},"end":{"line":152,"column":9}},"56":{"start":{"line":149,"column":12},"end":{"line":149,"column":39}},"57":{"start":{"line":149,"column":27},"end":{"line":149,"column":39}},"58":{"start":{"line":150,"column":28},"end":{"line":150,"column":60}},"59":{"start":{"line":151,"column":12},"end":{"line":151,"column":57}},"60":{"start":{"line":154,"column":33},"end":{"line":157,"column":9}},"61":{"start":{"line":155,"column":28},"end":{"line":155,"column":60}},"62":{"start":{"line":156,"column":12},"end":{"line":156,"column":53}},"63":{"start":{"line":159,"column":26},"end":{"line":159,"column":60}},"64":{"start":{"line":160,"column":25},"end":{"line":160,"column":58}},"65":{"start":{"line":161,"column":22},"end":{"line":161,"column":52}},"66":{"start":{"line":162,"column":22},"end":{"line":162,"column":52}},"67":{"start":{"line":163,"column":24},"end":{"line":163,"column":56}},"68":{"start":{"line":164,"column":24},"end":{"line":164,"column":59}},"69":{"start":{"line":167,"column":25},"end":{"line":176,"column":9}},"70":{"start":{"line":168,"column":34},"end":{"line":168,"column":57}},"71":{"start":{"line":169,"column":12},"end":{"line":175,"column":13}},"72":{"start":{"line":170,"column":32},"end":{"line":170,"column":69}},"73":{"start":{"line":171,"column":16},"end":{"line":174,"column":17}},"74":{"start":{"line":172,"column":20},"end":{"line":172,"column":48}},"75":{"start":{"line":173,"column":20},"end":{"line":173,"column":36}},"76":{"start":{"line":179,"column":8},"end":{"line":181,"column":9}},"77":{"start":{"line":180,"column":12},"end":{"line":180,"column":61}},"78":{"start":{"line":183,"column":8},"end":{"line":185,"column":9}},"79":{"start":{"line":184,"column":12},"end":{"line":184,"column":59}},"80":{"start":{"line":187,"column":8},"end":{"line":189,"column":9}},"81":{"start":{"line":188,"column":12},"end":{"line":188,"column":54}},"82":{"start":{"line":191,"column":8},"end":{"line":193,"column":9}},"83":{"start":{"line":192,"column":12},"end":{"line":192,"column":85}},"84":{"start":{"line":196,"column":8},"end":{"line":198,"column":9}},"85":{"start":{"line":197,"column":12},"end":{"line":197,"column":72}},"86":{"start":{"line":201,"column":8},"end":{"line":203,"column":9}},"87":{"start":{"line":202,"column":12},"end":{"line":202,"column":56}},"88":{"start":{"line":205,"column":8},"end":{"line":205,"column":77}},"89":{"start":{"line":206,"column":8},"end":{"line":206,"column":23}},"90":{"start":{"line":211,"column":26},"end":{"line":211,"column":62}},"91":{"start":{"line":213,"column":8},"end":{"line":216,"column":9}},"92":{"start":{"line":214,"column":12},"end":{"line":214,"column":55}},"93":{"start":{"line":215,"column":12},"end":{"line":215,"column":19}},"94":{"start":{"line":218,"column":8},"end":{"line":218,"column":34}},"95":{"start":{"line":219,"column":8},"end":{"line":219,"column":46}},"96":{"start":{"line":221,"column":8},"end":{"line":322,"column":9}},"97":{"start":{"line":223,"column":29},"end":{"line":223,"column":45}},"98":{"start":{"line":224,"column":30},"end":{"line":224,"column":57}},"99":{"start":{"line":226,"column":12},"end":{"line":226,"column":78}},"100":{"start":{"line":229,"column":34},"end":{"line":237,"column":13}},"101":{"start":{"line":230,"column":16},"end":{"line":230,"column":41}},"102":{"start":{"line":230,"column":31},"end":{"line":230,"column":41}},"103":{"start":{"line":231,"column":32},"end":{"line":231,"column":64}},"104":{"start":{"line":232,"column":16},"end":{"line":235,"column":17}},"105":{"start":{"line":233,"column":20},"end":{"line":233,"column":68}},"106":{"start":{"line":234,"column":20},"end":{"line":234,"column":30}},"107":{"start":{"line":236,"column":16},"end":{"line":236,"column":44}},"108":{"start":{"line":239,"column":30},"end":{"line":239,"column":64}},"109":{"start":{"line":240,"column":29},"end":{"line":240,"column":62}},"110":{"start":{"line":241,"column":26},"end":{"line":241,"column":56}},"111":{"start":{"line":242,"column":26},"end":{"line":242,"column":56}},"112":{"start":{"line":243,"column":28},"end":{"line":243,"column":66}},"113":{"start":{"line":246,"column":33},"end":{"line":246,"column":70}},"114":{"start":{"line":247,"column":31},"end":{"line":247,"column":95}},"115":{"start":{"line":250,"column":12},"end":{"line":256,"column":13}},"116":{"start":{"line":251,"column":16},"end":{"line":251,"column":81}},"117":{"start":{"line":252,"column":16},"end":{"line":252,"column":83}},"118":{"start":{"line":253,"column":16},"end":{"line":253,"column":43}},"119":{"start":{"line":254,"column":16},"end":{"line":254,"column":47}},"120":{"start":{"line":255,"column":16},"end":{"line":255,"column":23}},"121":{"start":{"line":259,"column":27},"end":{"line":267,"column":13}},"122":{"start":{"line":269,"column":12},"end":{"line":269,"column":57}},"123":{"start":{"line":272,"column":34},"end":{"line":272,"column":36}},"124":{"start":{"line":273,"column":12},"end":{"line":273,"column":69}},"125":{"start":{"line":273,"column":37},"end":{"line":273,"column":69}},"126":{"start":{"line":274,"column":12},"end":{"line":274,"column":67}},"127":{"start":{"line":274,"column":36},"end":{"line":274,"column":67}},"128":{"start":{"line":275,"column":12},"end":{"line":275,"column":61}},"129":{"start":{"line":275,"column":33},"end":{"line":275,"column":61}},"130":{"start":{"line":276,"column":12},"end":{"line":276,"column":61}},"131":{"start":{"line":276,"column":33},"end":{"line":276,"column":61}},"132":{"start":{"line":278,"column":12},"end":{"line":284,"column":13}},"133":{"start":{"line":279,"column":16},"end":{"line":279,"column":75}},"134":{"start":{"line":280,"column":16},"end":{"line":280,"column":85}},"135":{"start":{"line":281,"column":16},"end":{"line":281,"column":43}},"136":{"start":{"line":282,"column":16},"end":{"line":282,"column":47}},"137":{"start":{"line":283,"column":16},"end":{"line":283,"column":23}},"138":{"start":{"line":286,"column":31},"end":{"line":286,"column":101}},"139":{"start":{"line":288,"column":12},"end":{"line":288,"column":52}},"140":{"start":{"line":290,"column":12},"end":{"line":298,"column":15}},"141":{"start":{"line":300,"column":12},"end":{"line":300,"column":63}},"142":{"start":{"line":301,"column":12},"end":{"line":301,"column":77}},"143":{"start":{"line":303,"column":12},"end":{"line":309,"column":16}},"144":{"start":{"line":312,"column":12},"end":{"line":312,"column":64}},"145":{"start":{"line":313,"column":12},"end":{"line":318,"column":16}},"146":{"start":{"line":320,"column":12},"end":{"line":320,"column":39}},"147":{"start":{"line":321,"column":12},"end":{"line":321,"column":46}},"148":{"start":{"line":326,"column":22},"end":{"line":326,"column":58}},"149":{"start":{"line":328,"column":4},"end":{"line":366,"column":5}},"150":{"start":{"line":329,"column":8},"end":{"line":363,"column":11}},"151":{"start":{"line":330,"column":12},"end":{"line":330,"column":35}},"152":{"start":{"line":331,"column":12},"end":{"line":331,"column":53}},"153":{"start":{"line":333,"column":12},"end":{"line":362,"column":13}},"154":{"start":{"line":334,"column":42},"end":{"line":334,"column":81}},"155":{"start":{"line":335,"column":37},"end":{"line":335,"column":113}},"156":{"start":{"line":337,"column":16},"end":{"line":337,"column":79}},"157":{"start":{"line":338,"column":16},"end":{"line":338,"column":64}},"158":{"start":{"line":341,"column":16},"end":{"line":341,"column":52}},"159":{"start":{"line":344,"column":16},"end":{"line":351,"column":17}},"160":{"start":{"line":345,"column":20},"end":{"line":345,"column":60}},"161":{"start":{"line":346,"column":20},"end":{"line":350,"column":21}},"162":{"start":{"line":347,"column":24},"end":{"line":347,"column":49}},"163":{"start":{"line":349,"column":24},"end":{"line":349,"column":83}},"164":{"start":{"line":354,"column":16},"end":{"line":359,"column":19}},"165":{"start":{"line":355,"column":20},"end":{"line":355,"column":70}},"166":{"start":{"line":356,"column":20},"end":{"line":358,"column":28}},"167":{"start":{"line":357,"column":24},"end":{"line":357,"column":42}},"168":{"start":{"line":361,"column":16},"end":{"line":361,"column":73}},"169":{"start":{"line":365,"column":8},"end":{"line":365,"column":63}},"170":{"start":{"line":369,"column":24},"end":{"line":369,"column":62}},"171":{"start":{"line":370,"column":4},"end":{"line":380,"column":5}},"172":{"start":{"line":371,"column":8},"end":{"line":379,"column":11}},"173":{"start":{"line":372,"column":12},"end":{"line":372,"column":35}},"174":{"start":{"line":373,"column":12},"end":{"line":373,"column":58}},"175":{"start":{"line":376,"column":12},"end":{"line":378,"column":13}},"176":{"start":{"line":377,"column":16},"end":{"line":377,"column":34}},"177":{"start":{"line":382,"column":4},"end":{"line":382,"column":39}},"178":{"start":{"line":386,"column":0},"end":{"line":391,"column":1}},"179":{"start":{"line":387,"column":4},"end":{"line":390,"column":6}}},"fnMap":{"0":{"name":"(anonymous_0)","decl":{"start":{"line":6,"column":46},"end":{"line":6,"column":47}},"loc":{"start":{"line":6,"column":58},"end":{"line":383,"column":1}},"line":6},"1":{"name":"detectFormType","decl":{"start":{"line":16,"column":13},"end":{"line":16,"column":27}},"loc":{"start":{"line":16,"column":30},"end":{"line":26,"column":5}},"line":16},"2":{"name":"getFieldSelectors","decl":{"start":{"line":29,"column":13},"end":{"line":29,"column":30}},"loc":{"start":{"line":29,"column":41},"end":{"line":82,"column":5}},"line":29},"3":{"name":"(anonymous_3)","decl":{"start":{"line":85,"column":66},"end":{"line":85,"column":67}},"loc":{"start":{"line":85,"column":76},"end":{"line":129,"column":5}},"line":85},"4":{"name":"(anonymous_4)","decl":{"start":{"line":86,"column":41},"end":{"line":86,"column":42}},"loc":{"start":{"line":86,"column":53},"end":{"line":128,"column":9}},"line":86},"5":{"name":"validateForm","decl":{"start":{"line":132,"column":13},"end":{"line":132,"column":25}},"loc":{"start":{"line":132,"column":28},"end":{"line":207,"column":5}},"line":132},"6":{"name":"(anonymous_6)","decl":{"start":{"line":140,"column":48},"end":{"line":140,"column":49}},"loc":{"start":{"line":140,"column":65},"end":{"line":145,"column":9}},"line":140},"7":{"name":"(anonymous_7)","decl":{"start":{"line":148,"column":30},"end":{"line":148,"column":31}},"loc":{"start":{"line":148,"column":44},"end":{"line":152,"column":9}},"line":148},"8":{"name":"(anonymous_8)","decl":{"start":{"line":154,"column":33},"end":{"line":154,"column":34}},"loc":{"start":{"line":154,"column":47},"end":{"line":157,"column":9}},"line":154},"9":{"name":"(anonymous_9)","decl":{"start":{"line":167,"column":25},"end":{"line":167,"column":26}},"loc":{"start":{"line":167,"column":45},"end":{"line":176,"column":9}},"line":167},"10":{"name":"sendToWebhook","decl":{"start":{"line":210,"column":19},"end":{"line":210,"column":32}},"loc":{"start":{"line":210,"column":35},"end":{"line":323,"column":5}},"line":210},"11":{"name":"(anonymous_11)","decl":{"start":{"line":229,"column":34},"end":{"line":229,"column":35}},"loc":{"start":{"line":229,"column":48},"end":{"line":237,"column":13}},"line":229},"12":{"name":"(anonymous_12)","decl":{"start":{"line":329,"column":44},"end":{"line":329,"column":45}},"loc":{"start":{"line":329,"column":61},"end":{"line":363,"column":9}},"line":329},"13":{"name":"(anonymous_13)","decl":{"start":{"line":354,"column":37},"end":{"line":354,"column":38}},"loc":{"start":{"line":354,"column":43},"end":{"line":359,"column":17}},"line":354},"14":{"name":"(anonymous_14)","decl":{"start":{"line":356,"column":31},"end":{"line":356,"column":32}},"loc":{"start":{"line":356,"column":37},"end":{"line":358,"column":21}},"line":356},"15":{"name":"(anonymous_15)","decl":{"start":{"line":371,"column":47},"end":{"line":371,"column":48}},"loc":{"start":{"line":371,"column":64},"end":{"line":379,"column":9}},"line":371}},"branchMap":{"0":{"loc":{"start":{"line":18,"column":8},"end":{"line":24,"column":9}},"type":"if","locations":[{"start":{"line":18,"column":8},"end":{"line":24,"column":9}},{"start":{"line":20,"column":15},"end":{"line":24,"column":9}}],"line":18},"1":{"loc":{"start":{"line":20,"column":15},"end":{"line":24,"column":9}},"type":"if","locations":[{"start":{"line":20,"column":15},"end":{"line":24,"column":9}},{"start":{"line":22,"column":15},"end":{"line":24,"column":9}}],"line":20},"2":{"loc":{"start":{"line":22,"column":15},"end":{"line":24,"column":9}},"type":"if","locations":[{"start":{"line":22,"column":15},"end":{"line":24,"column":9}},{"start":{},"end":{}}],"line":22},"3":{"loc":{"start":{"line":81,"column":15},"end":{"line":81,"column":55}},"type":"binary-expr","locations":[{"start":{"line":81,"column":15},"end":{"line":81,"column":34}},{"start":{"line":81,"column":38},"end":{"line":81,"column":55}}],"line":81},"4":{"loc":{"start":{"line":89,"column":24},"end":{"line":89,"column":90}},"type":"binary-expr","locations":[{"start":{"line":89,"column":24},"end":{"line":89,"column":55}},{"start":{"line":89,"column":59},"end":{"line":89,"column":90}}],"line":89},"5":{"loc":{"start":{"line":90,"column":26},"end":{"line":90,"column":109}},"type":"binary-expr","locations":[{"start":{"line":90,"column":26},"end":{"line":90,"column":59}},{"start":{"line":90,"column":63},"end":{"line":90,"column":109}}],"line":90},"6":{"loc":{"start":{"line":91,"column":27},"end":{"line":91,"column":80}},"type":"binary-expr","locations":[{"start":{"line":91,"column":27},"end":{"line":91,"column":61}},{"start":{"line":91,"column":65},"end":{"line":91,"column":80}}],"line":91},"7":{"loc":{"start":{"line":92,"column":27},"end":{"line":92,"column":88}},"type":"binary-expr","locations":[{"start":{"line":92,"column":27},"end":{"line":92,"column":61}},{"start":{"line":92,"column":65},"end":{"line":92,"column":88}}],"line":92},"8":{"loc":{"start":{"line":93,"column":29},"end":{"line":93,"column":78}},"type":"binary-expr","locations":[{"start":{"line":93,"column":29},"end":{"line":93,"column":65}},{"start":{"line":93,"column":69},"end":{"line":93,"column":78}}],"line":93},"9":{"loc":{"start":{"line":100,"column":12},"end":{"line":106,"column":13}},"type":"if","locations":[{"start":{"line":100,"column":12},"end":{"line":106,"column":13}},{"start":{"line":102,"column":19},"end":{"line":106,"column":13}}],"line":100},"10":{"loc":{"start":{"line":102,"column":19},"end":{"line":106,"column":13}},"type":"if","locations":[{"start":{"line":102,"column":19},"end":{"line":106,"column":13}},{"start":{"line":104,"column":19},"end":{"line":106,"column":13}}],"line":102},"11":{"loc":{"start":{"line":118,"column":12},"end":{"line":118,"column":57}},"type":"if","locations":[{"start":{"line":118,"column":12},"end":{"line":118,"column":57}},{"start":{},"end":{}}],"line":118},"12":{"loc":{"start":{"line":119,"column":12},"end":{"line":119,"column":63}},"type":"if","locations":[{"start":{"line":119,"column":12},"end":{"line":119,"column":63}},{"start":{},"end":{}}],"line":119},"13":{"loc":{"start":{"line":120,"column":12},"end":{"line":120,"column":58}},"type":"if","locations":[{"start":{"line":120,"column":12},"end":{"line":120,"column":58}},{"start":{},"end":{}}],"line":120},"14":{"loc":{"start":{"line":121,"column":12},"end":{"line":121,"column":70}},"type":"if","locations":[{"start":{"line":121,"column":12},"end":{"line":121,"column":70}},{"start":{},"end":{}}],"line":121},"15":{"loc":{"start":{"line":122,"column":12},"end":{"line":122,"column":68}},"type":"if","locations":[{"start":{"line":122,"column":12},"end":{"line":122,"column":68}},{"start":{},"end":{}}],"line":122},"16":{"loc":{"start":{"line":125,"column":12},"end":{"line":127,"column":13}},"type":"if","locations":[{"start":{"line":125,"column":12},"end":{"line":127,"column":13}},{"start":{},"end":{}}],"line":125},"17":{"loc":{"start":{"line":126,"column":39},"end":{"line":126,"column":85}},"type":"cond-expr","locations":[{"start":{"line":126,"column":69},"end":{"line":126,"column":76}},{"start":{"line":126,"column":79},"end":{"line":126,"column":85}}],"line":126},"18":{"loc":{"start":{"line":141,"column":12},"end":{"line":144,"column":13}},"type":"if","locations":[{"start":{"line":141,"column":12},"end":{"line":144,"column":13}},{"start":{},"end":{}}],"line":141},"19":{"loc":{"start":{"line":143,"column":16},"end":{"line":143,"column":52}},"type":"if","locations":[{"start":{"line":143,"column":16},"end":{"line":143,"column":52}},{"start":{},"end":{}}],"line":143},"20":{"loc":{"start":{"line":149,"column":12},"end":{"line":149,"column":39}},"type":"if","locations":[{"start":{"line":149,"column":12},"end":{"line":149,"column":39}},{"start":{},"end":{}}],"line":149},"21":{"loc":{"start":{"line":151,"column":19},"end":{"line":151,"column":56}},"type":"cond-expr","locations":[{"start":{"line":151,"column":29},"end":{"line":151,"column":49}},{"start":{"line":151,"column":52},"end":{"line":151,"column":56}}],"line":151},"22":{"loc":{"start":{"line":156,"column":19},"end":{"line":156,"column":52}},"type":"cond-expr","locations":[{"start":{"line":156,"column":29},"end":{"line":156,"column":44}},{"start":{"line":156,"column":47},"end":{"line":156,"column":52}}],"line":156},"23":{"loc":{"start":{"line":169,"column":12},"end":{"line":175,"column":13}},"type":"if","locations":[{"start":{"line":169,"column":12},"end":{"line":175,"column":13}},{"start":{},"end":{}}],"line":169},"24":{"loc":{"start":{"line":171,"column":16},"end":{"line":174,"column":17}},"type":"if","locations":[{"start":{"line":171,"column":16},"end":{"line":174,"column":17}},{"start":{},"end":{}}],"line":171},"25":{"loc":{"start":{"line":179,"column":8},"end":{"line":181,"column":9}},"type":"if","locations":[{"start":{"line":179,"column":8},"end":{"line":181,"column":9}},{"start":{},"end":{}}],"line":179},"26":{"loc":{"start":{"line":179,"column":12},"end":{"line":179,"column":42}},"type":"binary-expr","locations":[{"start":{"line":179,"column":12},"end":{"line":179,"column":22}},{"start":{"line":179,"column":26},"end":{"line":179,"column":42}}],"line":179},"27":{"loc":{"start":{"line":183,"column":8},"end":{"line":185,"column":9}},"type":"if","locations":[{"start":{"line":183,"column":8},"end":{"line":185,"column":9}},{"start":{},"end":{}}],"line":183},"28":{"loc":{"start":{"line":183,"column":12},"end":{"line":183,"column":40}},"type":"binary-expr","locations":[{"start":{"line":183,"column":12},"end":{"line":183,"column":21}},{"start":{"line":183,"column":25},"end":{"line":183,"column":40}}],"line":183},"29":{"loc":{"start":{"line":187,"column":8},"end":{"line":189,"column":9}},"type":"if","locations":[{"start":{"line":187,"column":8},"end":{"line":189,"column":9}},{"start":{},"end":{}}],"line":187},"30":{"loc":{"start":{"line":187,"column":12},"end":{"line":187,"column":66}},"type":"binary-expr","locations":[{"start":{"line":187,"column":12},"end":{"line":187,"column":18}},{"start":{"line":187,"column":22},"end":{"line":187,"column":42}},{"start":{"line":187,"column":46},"end":{"line":187,"column":66}}],"line":187},"31":{"loc":{"start":{"line":191,"column":8},"end":{"line":193,"column":9}},"type":"if","locations":[{"start":{"line":191,"column":8},"end":{"line":193,"column":9}},{"start":{},"end":{}}],"line":191},"32":{"loc":{"start":{"line":191,"column":12},"end":{"line":191,"column":81}},"type":"binary-expr","locations":[{"start":{"line":191,"column":12},"end":{"line":191,"column":18}},{"start":{"line":191,"column":22},"end":{"line":191,"column":81}}],"line":191},"33":{"loc":{"start":{"line":196,"column":8},"end":{"line":198,"column":9}},"type":"if","locations":[{"start":{"line":196,"column":8},"end":{"line":198,"column":9}},{"start":{},"end":{}}],"line":196},"34":{"loc":{"start":{"line":196,"column":12},"end":{"line":196,"column":43}},"type":"binary-expr","locations":[{"start":{"line":196,"column":12},"end":{"line":196,"column":19}},{"start":{"line":196,"column":23},"end":{"line":196,"column":43}}],"line":196},"35":{"loc":{"start":{"line":201,"column":8},"end":{"line":203,"column":9}},"type":"if","locations":[{"start":{"line":201,"column":8},"end":{"line":203,"column":9}},{"start":{},"end":{}}],"line":201},"36":{"loc":{"start":{"line":205,"column":20},"end":{"line":205,"column":75}},"type":"cond-expr","locations":[{"start":{"line":205,"column":30},"end":{"line":205,"column":51}},{"start":{"line":205,"column":54},"end":{"line":205,"column":75}}],"line":205},"37":{"loc":{"start":{"line":213,"column":8},"end":{"line":216,"column":9}},"type":"if","locations":[{"start":{"line":213,"column":8},"end":{"line":216,"column":9}},{"start":{},"end":{}}],"line":213},"38":{"loc":{"start":{"line":230,"column":16},"end":{"line":230,"column":41}},"type":"if","locations":[{"start":{"line":230,"column":16},"end":{"line":230,"column":41}},{"start":{},"end":{}}],"line":230},"39":{"loc":{"start":{"line":232,"column":16},"end":{"line":235,"column":17}},"type":"if","locations":[{"start":{"line":232,"column":16},"end":{"line":235,"column":17}},{"start":{},"end":{}}],"line":232},"40":{"loc":{"start":{"line":243,"column":28},"end":{"line":243,"column":66}},"type":"binary-expr","locations":[{"start":{"line":243,"column":28},"end":{"line":243,"column":60}},{"start":{"line":243,"column":64},"end":{"line":243,"column":66}}],"line":243},"41":{"loc":{"start":{"line":247,"column":31},"end":{"line":247,"column":95}},"type":"cond-expr","locations":[{"start":{"line":247,"column":46},"end":{"line":247,"column":64}},{"start":{"line":247,"column":67},"end":{"line":247,"column":95}}],"line":247},"42":{"loc":{"start":{"line":250,"column":12},"end":{"line":256,"column":13}},"type":"if","locations":[{"start":{"line":250,"column":12},"end":{"line":256,"column":13}},{"start":{},"end":{}}],"line":250},"43":{"loc":{"start":{"line":250,"column":16},"end":{"line":250,"column":46}},"type":"binary-expr","locations":[{"start":{"line":250,"column":16},"end":{"line":250,"column":22}},{"start":{"line":250,"column":26},"end":{"line":250,"column":46}}],"line":250},"44":{"loc":{"start":{"line":273,"column":12},"end":{"line":273,"column":69}},"type":"if","locations":[{"start":{"line":273,"column":12},"end":{"line":273,"column":69}},{"start":{},"end":{}}],"line":273},"45":{"loc":{"start":{"line":274,"column":12},"end":{"line":274,"column":67}},"type":"if","locations":[{"start":{"line":274,"column":12},"end":{"line":274,"column":67}},{"start":{},"end":{}}],"line":274},"46":{"loc":{"start":{"line":275,"column":12},"end":{"line":275,"column":61}},"type":"if","locations":[{"start":{"line":275,"column":12},"end":{"line":275,"column":61}},{"start":{},"end":{}}],"line":275},"47":{"loc":{"start":{"line":276,"column":12},"end":{"line":276,"column":61}},"type":"if","locations":[{"start":{"line":276,"column":12},"end":{"line":276,"column":61}},{"start":{},"end":{}}],"line":276},"48":{"loc":{"start":{"line":278,"column":12},"end":{"line":284,"column":13}},"type":"if","locations":[{"start":{"line":278,"column":12},"end":{"line":284,"column":13}},{"start":{},"end":{}}],"line":278},"49":{"loc":{"start":{"line":328,"column":4},"end":{"line":366,"column":5}},"type":"if","locations":[{"start":{"line":328,"column":4},"end":{"line":366,"column":5}},{"start":{"line":364,"column":11},"end":{"line":366,"column":5}}],"line":328},"50":{"loc":{"start":{"line":333,"column":12},"end":{"line":362,"column":13}},"type":"if","locations":[{"start":{"line":333,"column":12},"end":{"line":362,"column":13}},{"start":{"line":360,"column":19},"end":{"line":362,"column":13}}],"line":333},"51":{"loc":{"start":{"line":335,"column":37},"end":{"line":335,"column":113}},"type":"cond-expr","locations":[{"start":{"line":335,"column":57},"end":{"line":335,"column":80}},{"start":{"line":335,"column":83},"end":{"line":335,"column":113}}],"line":335},"52":{"loc":{"start":{"line":344,"column":16},"end":{"line":351,"column":17}},"type":"if","locations":[{"start":{"line":344,"column":16},"end":{"line":351,"column":17}},{"start":{},"end":{}}],"line":344},"53":{"loc":{"start":{"line":370,"column":4},"end":{"line":380,"column":5}},"type":"if","locations":[{"start":{"line":370,"column":4},"end":{"line":380,"column":5}},{"start":{},"end":{}}],"line":370},"54":{"loc":{"start":{"line":376,"column":12},"end":{"line":378,"column":13}},"type":"if","locations":[{"start":{"line":376,"column":12},"end":{"line":378,"column":13}},{"start":{},"end":{}}],"line":376},"55":{"loc":{"start":{"line":386,"column":0},"end":{"line":391,"column":1}},"type":"if","locations":[{"start":{"line":386,"column":0},"end":{"line":391,"column":1}},{"start":{},"end":{}}],"line":386},"56":{"loc":{"start":{"line":386,"column":4},"end":{"line":386,"column":51}},"type":"binary-expr","locations":[{"start":{"line":386,"column":4},"end":{"line":386,"column":33}},{"start":{"line":386,"column":37},"end":{"line":386,"column":51}}],"line":386}},"s":{"0":8,"1":36,"2":36,"3":65,"4":13,"5":52,"6":12,"7":40,"8":40,"9":0,"10":64,"11":64,"12":36,"13":0,"14":0,"15":0,"16":0,"17":0,"18":0,"19":0,"20":0,"21":0,"22":0,"23":0,"24":0,"25":0,"26":0,"27":0,"28":0,"29":0,"30":0,"31":0,"32":0,"33":0,"34":0,"35":0,"36":0,"37":0,"38":0,"39":0,"40":0,"41":0,"42":0,"43":0,"44":0,"45":0,"46":36,"47":36,"48":36,"49":36,"50":36,"51":216,"52":207,"53":207,"54":192,"55":36,"56":180,"57":9,"58":171,"59":171,"60":36,"61":36,"62":36,"63":36,"64":36,"65":36,"66":36,"67":36,"68":36,"69":36,"70":34,"71":34,"72":34,"73":34,"74":34,"75":34,"76":36,"77":5,"78":36,"79":5,"80":36,"81":8,"82":36,"83":8,"84":36,"85":0,"86":36,"87":8,"88":36,"89":36,"90":28,"91":28,"92":0,"93":0,"94":28,"95":28,"96":28,"97":28,"98":28,"99":28,"100":28,"101":140,"102":4,"103":136,"104":136,"105":15,"106":15,"107":121,"108":28,"109":28,"110":28,"111":28,"112":28,"113":28,"114":28,"115":28,"116":0,"117":0,"118":0,"119":0,"120":0,"121":28,"122":28,"123":28,"124":28,"125":0,"126":28,"127":0,"128":28,"129":0,"130":28,"131":0,"132":28,"133":0,"134":0,"135":0,"136":0,"137":0,"138":28,"139":28,"140":28,"141":27,"142":27,"143":27,"144":1,"145":1,"146":28,"147":28,"148":36,"149":36,"150":36,"151":36,"152":36,"153":36,"154":28,"155":28,"156":28,"157":28,"158":28,"159":28,"160":28,"161":28,"162":28,"163":0,"164":28,"165":28,"166":28,"167":0,"168":8,"169":0,"170":36,"171":36,"172":21,"173":0,"174":0,"175":0,"176":0,"177":36,"178":8,"179":8},"f":{"0":36,"1":65,"2":64,"3":0,"4":0,"5":36,"6":216,"7":180,"8":36,"9":34,"10":28,"11":140,"12":36,"13":28,"14":0,"15":0},"b":{"0":[13,52],"1":[12,40],"2":[40,0],"3":[64,0],"4":[0,0],"5":[0,0],"6":[0,0],"7":[0,0],"8":[0,0],"9":[0,0],"10":[0,0],"11":[0,0],"12":[0,0],"13":[0,0],"14":[0,0],"15":[0,0],"16":[0,0],"17":[0,0],"18":[207,9],"19":[192,15],"20":[9,171],"21":[156,15],"22":[36,0],"23":[34,0],"24":[34,0],"25":[5,31],"26":[36,31],"27":[5,31],"28":[36,31],"29":[8,28],"30":[36,36,28],"31":[8,28],"32":[36,36],"33":[0,36],"34":[36,7],"35":[8,28],"36":[28,8],"37":[0,28],"38":[4,136],"39":[15,121],"40":[28,21],"41":[28,0],"42":[0,28],"43":[28,28],"44":[0,28],"45":[0,28],"46":[0,28],"47":[0,28],"48":[0,28],"49":[36,0],"50":[28,8],"51":[28,0],"52":[28,0],"53":[21,15],"54":[0,0],"55":[8,0],"56":[8,8]},"_coverageSchema":"1a1c01bbd47fc00a2c39e90264f33305004495a9","hash":"8832de97d2a22ae67fa006ae3966909053386130"}
}
