TN:
SF:js\form-broker.js
FN:6,(anonymous_0)
FN:16,detectFormType
FN:29,getFieldSelectors
FN:85,(anonymous_3)
FN:86,(anonymous_4)
FN:132,validateForm
FN:140,(anonymous_6)
FN:148,(anonymous_7)
FN:154,(anonymous_8)
FN:167,(anonymous_9)
FN:210,sendToWebhook
FN:229,(anonymous_11)
FN:329,(anonymous_12)
FN:354,(anonymous_13)
FN:356,(anonymous_14)
FN:371,(anonymous_15)
FNF:16
FNH:12
FNDA:36,(anonymous_0)
FNDA:65,detectFormType
FNDA:64,getFieldSelectors
FNDA:0,(anonymous_3)
FNDA:0,(anonymous_4)
FNDA:36,validateForm
FNDA:216,(anonymous_6)
FNDA:180,(anonymous_7)
FNDA:36,(anonymous_8)
FNDA:34,(anonymous_9)
FNDA:28,sendToWebhook
FNDA:140,(anonymous_11)
FNDA:36,(anonymous_12)
FNDA:28,(anonymous_13)
FNDA:0,(anonymous_14)
FNDA:0,(anonymous_15)
DA:6,8
DA:7,36
DA:9,36
DA:18,65
DA:19,13
DA:20,52
DA:21,12
DA:22,40
DA:23,40
DA:25,0
DA:30,64
DA:81,64
DA:85,36
DA:86,0
DA:87,0
DA:89,0
DA:90,0
DA:91,0
DA:92,0
DA:93,0
DA:96,0
DA:97,0
DA:100,0
DA:101,0
DA:102,0
DA:103,0
DA:105,0
DA:108,0
DA:111,0
DA:112,0
DA:113,0
DA:114,0
DA:115,0
DA:116,0
DA:118,0
DA:119,0
DA:120,0
DA:121,0
DA:122,0
DA:125,0
DA:126,0
DA:133,36
DA:135,36
DA:136,36
DA:137,36
DA:140,36
DA:141,216
DA:142,207
DA:143,207
DA:148,36
DA:149,180
DA:150,171
DA:151,171
DA:154,36
DA:155,36
DA:156,36
DA:159,36
DA:160,36
DA:161,36
DA:162,36
DA:163,36
DA:164,36
DA:167,36
DA:168,34
DA:169,34
DA:170,34
DA:171,34
DA:172,34
DA:173,34
DA:179,36
DA:180,5
DA:183,36
DA:184,5
DA:187,36
DA:188,8
DA:191,36
DA:192,8
DA:196,36
DA:197,0
DA:201,36
DA:202,8
DA:205,36
DA:206,36
DA:211,28
DA:213,28
DA:214,0
DA:215,0
DA:218,28
DA:219,28
DA:221,28
DA:223,28
DA:224,28
DA:226,28
DA:229,28
DA:230,140
DA:231,136
DA:232,136
DA:233,15
DA:234,15
DA:236,121
DA:239,28
DA:240,28
DA:241,28
DA:242,28
DA:243,28
DA:246,28
DA:247,28
DA:250,28
DA:251,0
DA:252,0
DA:253,0
DA:254,0
DA:255,0
DA:259,28
DA:269,28
DA:272,28
DA:273,28
DA:274,28
DA:275,28
DA:276,28
DA:278,28
DA:279,0
DA:280,0
DA:281,0
DA:282,0
DA:283,0
DA:286,28
DA:288,28
DA:290,28
DA:300,27
DA:301,27
DA:303,27
DA:312,1
DA:313,1
DA:320,28
DA:321,28
DA:326,36
DA:328,36
DA:329,36
DA:330,36
DA:331,36
DA:333,36
DA:334,28
DA:335,28
DA:337,28
DA:338,28
DA:341,28
DA:344,28
DA:345,28
DA:346,28
DA:347,28
DA:349,0
DA:354,28
DA:355,28
DA:356,28
DA:357,0
DA:361,8
DA:365,0
DA:369,36
DA:370,36
DA:371,21
DA:372,0
DA:373,0
DA:376,0
DA:377,0
DA:382,36
DA:386,8
DA:387,8
LF:168
LH:119
BRDA:18,0,0,13
BRDA:18,0,1,52
BRDA:20,1,0,12
BRDA:20,1,1,40
BRDA:22,2,0,40
BRDA:22,2,1,0
BRDA:81,3,0,64
BRDA:81,3,1,0
BRDA:89,4,0,0
BRDA:89,4,1,0
BRDA:90,5,0,0
BRDA:90,5,1,0
BRDA:91,6,0,0
BRDA:91,6,1,0
BRDA:92,7,0,0
BRDA:92,7,1,0
BRDA:93,8,0,0
BRDA:93,8,1,0
BRDA:100,9,0,0
BRDA:100,9,1,0
BRDA:102,10,0,0
BRDA:102,10,1,0
BRDA:118,11,0,0
BRDA:118,11,1,0
BRDA:119,12,0,0
BRDA:119,12,1,0
BRDA:120,13,0,0
BRDA:120,13,1,0
BRDA:121,14,0,0
BRDA:121,14,1,0
BRDA:122,15,0,0
BRDA:122,15,1,0
BRDA:125,16,0,0
BRDA:125,16,1,0
BRDA:126,17,0,0
BRDA:126,17,1,0
BRDA:141,18,0,207
BRDA:141,18,1,9
BRDA:143,19,0,192
BRDA:143,19,1,15
BRDA:149,20,0,9
BRDA:149,20,1,171
BRDA:151,21,0,156
BRDA:151,21,1,15
BRDA:156,22,0,36
BRDA:156,22,1,0
BRDA:169,23,0,34
BRDA:169,23,1,0
BRDA:171,24,0,34
BRDA:171,24,1,0
BRDA:179,25,0,5
BRDA:179,25,1,31
BRDA:179,26,0,36
BRDA:179,26,1,31
BRDA:183,27,0,5
BRDA:183,27,1,31
BRDA:183,28,0,36
BRDA:183,28,1,31
BRDA:187,29,0,8
BRDA:187,29,1,28
BRDA:187,30,0,36
BRDA:187,30,1,36
BRDA:187,30,2,28
BRDA:191,31,0,8
BRDA:191,31,1,28
BRDA:191,32,0,36
BRDA:191,32,1,36
BRDA:196,33,0,0
BRDA:196,33,1,36
BRDA:196,34,0,36
BRDA:196,34,1,7
BRDA:201,35,0,8
BRDA:201,35,1,28
BRDA:205,36,0,28
BRDA:205,36,1,8
BRDA:213,37,0,0
BRDA:213,37,1,28
BRDA:230,38,0,4
BRDA:230,38,1,136
BRDA:232,39,0,15
BRDA:232,39,1,121
BRDA:243,40,0,28
BRDA:243,40,1,21
BRDA:247,41,0,28
BRDA:247,41,1,0
BRDA:250,42,0,0
BRDA:250,42,1,28
BRDA:250,43,0,28
BRDA:250,43,1,28
BRDA:273,44,0,0
BRDA:273,44,1,28
BRDA:274,45,0,0
BRDA:274,45,1,28
BRDA:275,46,0,0
BRDA:275,46,1,28
BRDA:276,47,0,0
BRDA:276,47,1,28
BRDA:278,48,0,0
BRDA:278,48,1,28
BRDA:328,49,0,36
BRDA:328,49,1,0
BRDA:333,50,0,28
BRDA:333,50,1,8
BRDA:335,51,0,28
BRDA:335,51,1,0
BRDA:344,52,0,28
BRDA:344,52,1,0
BRDA:370,53,0,21
BRDA:370,53,1,15
BRDA:376,54,0,0
BRDA:376,54,1,0
BRDA:386,55,0,8
BRDA:386,55,1,0
BRDA:386,56,0,8
BRDA:386,56,1,8
BRF:115
BRH:67
end_of_record
